=== SUMMARY REPORT ===

✔ Successful Runs:
✅ SUCCESS: vae_exp_0.3noise_10ep_config_v1_quad_input_small_latent_2 with VAE_config_config_v1_quad_input_small_latent.txt
✅ SUCCESS: vae_exp_0.3noise_10ep_config_v1_quad_input_small_latent_v2_2 with VAE_config_config_v1_quad_input_small_latent_v2.txt
✅ SUCCESS: vae_exp_no_noise_10ep_config_v1_quad_input_small_latent_2 with VAE_config_config_v1_quad_input_small_latent.txt
✅ SUCCESS: vae_exp_no_noise_10ep_config_v1_quad_input_small_latent_v2_2 with VAE_config_config_v1_quad_input_small_latent_v2.txt
✅ SUCCESS: vae_exp_0.3noise_10ep_config_v1_quad_input_mid_latent_4 with VAE_config_config_v1_quad_input_mid_latent.txt
✅ SUCCESS: vae_exp_no_noise_10ep_config_v1_quad_input_mid_latent_4 with VAE_config_config_v1_quad_input_mid_latent.txt
✅ SUCCESS: vae_exp_0.3noise_10ep_config_v1_quad_input_large_latent_1 with VAE_config_config_v1_quad_input_large_latent.txt
✅ SUCCESS: vae_exp_no_noise_10ep_config_v1_quad_input_large_latent_1 with VAE_config_config_v1_quad_input_large_latent.txt
✅ SUCCESS: vae_exp_0.3noise_10ep_config_v1_penta_input_small_latent_3 with VAE_config_config_v1_penta_input_small_latent.txt
✅ SUCCESS: vae_exp_no_noise_10ep_config_v1_penta_input_small_latent_3 with VAE_config_config_v1_penta_input_small_latent.txt
✅ SUCCESS: vae_exp_0.3noise_10ep_config_v1_penta_input_mid_latent_2 with VAE_config_config_v1_penta_input_mid_latent.txt
✅ SUCCESS: vae_exp_no_noise_10ep_config_v1_penta_input_mid_latent_2 with VAE_config_config_v1_penta_input_mid_latent.txt
✅ SUCCESS: vae_exp_0.3noise_10ep_config_v1_penta_input_mid_latent_v2_2 with VAE_config_config_v1_penta_input_mid_latent_v2.txt
✅ SUCCESS: vae_exp_no_noise_10ep_config_v1_penta_input_mid_latent_v2_2 with VAE_config_config_v1_penta_input_mid_latent_v2.txt
✅ SUCCESS: vae_exp_0.3noise_10ep_config_v1_penta_input_large_latent_5 with VAE_config_config_v1_penta_input_large_latent.txt
✅ SUCCESS: vae_exp_no_noise_10ep_config_v1_penta_input_large_latent_5 with VAE_config_config_v1_penta_input_large_latent.txt
✅ SUCCESS: vae_exp_0.3noise_10ep_config_v1_hexa_input_small_latent_4 with VAE_config_config_v1_hexa_input_small_latent.txt
✅ SUCCESS: vae_exp_no_noise_10ep_config_v1_hexa_input_small_latent_4 with VAE_config_config_v1_hexa_input_small_latent.txt
✅ SUCCESS: vae_exp_0.3noise_10ep_config_v1_hexa_input_mid_latent_3 with VAE_config_config_v1_hexa_input_mid_latent.txt
✅ SUCCESS: vae_exp_no_noise_10ep_config_v1_hexa_input_mid_latent_3 with VAE_config_config_v1_hexa_input_mid_latent.txt
✅ SUCCESS: vae_exp_0.3noise_10ep_config_v1_hexa_input_large_latent_1 with VAE_config_config_v1_hexa_input_large_latent.txt
✅ SUCCESS: vae_exp_no_noise_10ep_config_v1_hexa_input_large_latent_1 with VAE_config_config_v1_hexa_input_large_latent.txt

❌ Errors Encountered:
