1740415588.911715 client started (1181758): version 3.2a, socket /tmp/tmux-1005/default, protocol 8
1740415588.911726 on Linux 6.8.0-52-generic #53~22.04.1-Ubuntu SMP PREEMPT_DYNAMIC Wed Jan 15 19:18:46 UTC 2
1740415588.911728 using libevent 2.1.12-stable (poll); ncurses 6.3
1740415588.911736 flags are 0x18010000
1740415588.911737 socket is /tmp/tmux-1005/default
1740415588.911742 trying connect
1740415588.911750 connect failed: No such file or directory
1740415588.911754 lock file is /tmp/tmux-1005/default.lock
1740415588.911766 flock succeeded
1740415588.911767 got lock (6)
1740415588.911770 trying connect
1740415588.911774 connect failed: No such file or directory
1740415588.911903 add peer 0x5ba7ded35fb0: 7 ((nil))
1740415588.912093 sending message 100 to peer 0x5ba7ded35fb0 (4 bytes)
1740415588.912102 sending message 111 to peer 0x5ba7ded35fb0 (8 bytes)
1740415588.912104 sending message 101 to peer 0x5ba7ded35fb0 (15 bytes)
1740415588.912105 sending message 109 to peer 0x5ba7ded35fb0 (4 bytes)
1740415588.912106 sending message 102 to peer 0x5ba7ded35fb0 (11 bytes)
1740415588.912110 sending message 108 to peer 0x5ba7ded35fb0 (53 bytes)
1740415588.912111 sending message 112 to peer 0x5ba7ded35fb0 (58 bytes)
1740415588.912113 sending message 112 to peer 0x5ba7ded35fb0 (5 bytes)
1740415588.912114 sending message 112 to peer 0x5ba7ded35fb0 (5 bytes)
1740415588.912115 sending message 112 to peer 0x5ba7ded35fb0 (6 bytes)
1740415588.912117 sending message 112 to peer 0x5ba7ded35fb0 (6 bytes)
1740415588.912118 sending message 112 to peer 0x5ba7ded35fb0 (11 bytes)
1740415588.912119 sending message 112 to peer 0x5ba7ded35fb0 (10 bytes)
1740415588.912121 sending message 112 to peer 0x5ba7ded35fb0 (13 bytes)
1740415588.912122 sending message 112 to peer 0x5ba7ded35fb0 (14 bytes)
1740415588.912123 sending message 112 to peer 0x5ba7ded35fb0 (19 bytes)
1740415588.912125 sending message 112 to peer 0x5ba7ded35fb0 (11 bytes)
1740415588.912126 sending message 112 to peer 0x5ba7ded35fb0 (10 bytes)
1740415588.912127 sending message 112 to peer 0x5ba7ded35fb0 (15 bytes)
1740415588.912128 sending message 112 to peer 0x5ba7ded35fb0 (21 bytes)
1740415588.912130 sending message 112 to peer 0x5ba7ded35fb0 (13 bytes)
1740415588.912131 sending message 112 to peer 0x5ba7ded35fb0 (7 bytes)
1740415588.912132 sending message 112 to peer 0x5ba7ded35fb0 (13 bytes)
1740415588.912134 sending message 112 to peer 0x5ba7ded35fb0 (7 bytes)
1740415588.912135 sending message 112 to peer 0x5ba7ded35fb0 (13 bytes)
1740415588.912136 sending message 112 to peer 0x5ba7ded35fb0 (9 bytes)
1740415588.912138 sending message 112 to peer 0x5ba7ded35fb0 (21 bytes)
1740415588.912139 sending message 112 to peer 0x5ba7ded35fb0 (13 bytes)
1740415588.912140 sending message 112 to peer 0x5ba7ded35fb0 (9 bytes)
1740415588.912142 sending message 112 to peer 0x5ba7ded35fb0 (16 bytes)
1740415588.912143 sending message 112 to peer 0x5ba7ded35fb0 (13 bytes)
1740415588.912144 sending message 112 to peer 0x5ba7ded35fb0 (9 bytes)
1740415588.912146 sending message 112 to peer 0x5ba7ded35fb0 (9 bytes)
1740415588.912147 sending message 112 to peer 0x5ba7ded35fb0 (12 bytes)
1740415588.912148 sending message 112 to peer 0x5ba7ded35fb0 (8 bytes)
1740415588.912150 sending message 112 to peer 0x5ba7ded35fb0 (8 bytes)
1740415588.912151 sending message 112 to peer 0x5ba7ded35fb0 (13 bytes)
1740415588.912152 sending message 112 to peer 0x5ba7ded35fb0 (7 bytes)
1740415588.912154 sending message 112 to peer 0x5ba7ded35fb0 (7 bytes)
1740415588.912155 sending message 112 to peer 0x5ba7ded35fb0 (9 bytes)
1740415588.912156 sending message 112 to peer 0x5ba7ded35fb0 (9 bytes)
1740415588.912158 sending message 112 to peer 0x5ba7ded35fb0 (15 bytes)
1740415588.912159 sending message 112 to peer 0x5ba7ded35fb0 (13 bytes)
1740415588.912160 sending message 112 to peer 0x5ba7ded35fb0 (12 bytes)
1740415588.912161 sending message 112 to peer 0x5ba7ded35fb0 (8 bytes)
1740415588.912163 sending message 112 to peer 0x5ba7ded35fb0 (14 bytes)
1740415588.912164 sending message 112 to peer 0x5ba7ded35fb0 (11 bytes)
1740415588.912165 sending message 112 to peer 0x5ba7ded35fb0 (9 bytes)
1740415588.912173 sending message 112 to peer 0x5ba7ded35fb0 (10 bytes)
1740415588.912175 sending message 112 to peer 0x5ba7ded35fb0 (10 bytes)
1740415588.912176 sending message 112 to peer 0x5ba7ded35fb0 (10 bytes)
1740415588.912178 sending message 112 to peer 0x5ba7ded35fb0 (10 bytes)
1740415588.912179 sending message 112 to peer 0x5ba7ded35fb0 (11 bytes)
1740415588.912180 sending message 112 to peer 0x5ba7ded35fb0 (12 bytes)
1740415588.912181 sending message 112 to peer 0x5ba7ded35fb0 (12 bytes)
1740415588.912183 sending message 112 to peer 0x5ba7ded35fb0 (12 bytes)
1740415588.912184 sending message 112 to peer 0x5ba7ded35fb0 (12 bytes)
1740415588.912185 sending message 112 to peer 0x5ba7ded35fb0 (12 bytes)
1740415588.912187 sending message 112 to peer 0x5ba7ded35fb0 (11 bytes)
1740415588.912188 sending message 112 to peer 0x5ba7ded35fb0 (11 bytes)
1740415588.912189 sending message 112 to peer 0x5ba7ded35fb0 (12 bytes)
1740415588.912191 sending message 112 to peer 0x5ba7ded35fb0 (12 bytes)
1740415588.912192 sending message 112 to peer 0x5ba7ded35fb0 (12 bytes)
1740415588.912193 sending message 112 to peer 0x5ba7ded35fb0 (12 bytes)
1740415588.912195 sending message 112 to peer 0x5ba7ded35fb0 (12 bytes)
1740415588.912196 sending message 112 to peer 0x5ba7ded35fb0 (9 bytes)
1740415588.912197 sending message 112 to peer 0x5ba7ded35fb0 (12 bytes)
1740415588.912199 sending message 112 to peer 0x5ba7ded35fb0 (13 bytes)
1740415588.912200 sending message 112 to peer 0x5ba7ded35fb0 (13 bytes)
1740415588.912201 sending message 112 to peer 0x5ba7ded35fb0 (13 bytes)
1740415588.912203 sending message 112 to peer 0x5ba7ded35fb0 (13 bytes)
1740415588.912204 sending message 112 to peer 0x5ba7ded35fb0 (13 bytes)
1740415588.912205 sending message 112 to peer 0x5ba7ded35fb0 (8 bytes)
1740415588.912207 sending message 112 to peer 0x5ba7ded35fb0 (11 bytes)
1740415588.912208 sending message 112 to peer 0x5ba7ded35fb0 (11 bytes)
1740415588.912209 sending message 112 to peer 0x5ba7ded35fb0 (11 bytes)
1740415588.912210 sending message 112 to peer 0x5ba7ded35fb0 (12 bytes)
1740415588.912212 sending message 112 to peer 0x5ba7ded35fb0 (12 bytes)
1740415588.912213 sending message 112 to peer 0x5ba7ded35fb0 (12 bytes)
1740415588.912214 sending message 112 to peer 0x5ba7ded35fb0 (12 bytes)
1740415588.912216 sending message 112 to peer 0x5ba7ded35fb0 (13 bytes)
1740415588.912217 sending message 112 to peer 0x5ba7ded35fb0 (13 bytes)
1740415588.912218 sending message 112 to peer 0x5ba7ded35fb0 (13 bytes)
1740415588.912220 sending message 112 to peer 0x5ba7ded35fb0 (8 bytes)
1740415588.912221 sending message 112 to peer 0x5ba7ded35fb0 (13 bytes)
1740415588.912222 sending message 112 to peer 0x5ba7ded35fb0 (13 bytes)
1740415588.912224 sending message 112 to peer 0x5ba7ded35fb0 (13 bytes)
1740415588.912225 sending message 112 to peer 0x5ba7ded35fb0 (13 bytes)
1740415588.912226 sending message 112 to peer 0x5ba7ded35fb0 (13 bytes)
1740415588.912227 sending message 112 to peer 0x5ba7ded35fb0 (12 bytes)
1740415588.912229 sending message 112 to peer 0x5ba7ded35fb0 (12 bytes)
1740415588.912230 sending message 112 to peer 0x5ba7ded35fb0 (12 bytes)
1740415588.912231 sending message 112 to peer 0x5ba7ded35fb0 (12 bytes)
1740415588.912233 sending message 112 to peer 0x5ba7ded35fb0 (13 bytes)
1740415588.912234 sending message 112 to peer 0x5ba7ded35fb0 (8 bytes)
1740415588.912235 sending message 112 to peer 0x5ba7ded35fb0 (13 bytes)
1740415588.912237 sending message 112 to peer 0x5ba7ded35fb0 (13 bytes)
1740415588.912238 sending message 112 to peer 0x5ba7ded35fb0 (13 bytes)
1740415588.912239 sending message 112 to peer 0x5ba7ded35fb0 (13 bytes)
1740415588.912241 sending message 112 to peer 0x5ba7ded35fb0 (13 bytes)
1740415588.912242 sending message 112 to peer 0x5ba7ded35fb0 (13 bytes)
1740415588.912243 sending message 112 to peer 0x5ba7ded35fb0 (13 bytes)
1740415588.912244 sending message 112 to peer 0x5ba7ded35fb0 (12 bytes)
1740415588.912246 sending message 112 to peer 0x5ba7ded35fb0 (12 bytes)
1740415588.912247 sending message 112 to peer 0x5ba7ded35fb0 (12 bytes)
1740415588.912250 sending message 112 to peer 0x5ba7ded35fb0 (8 bytes)
1740415588.912251 sending message 112 to peer 0x5ba7ded35fb0 (12 bytes)
1740415588.912253 sending message 112 to peer 0x5ba7ded35fb0 (13 bytes)
1740415588.912254 sending message 112 to peer 0x5ba7ded35fb0 (13 bytes)
1740415588.912256 sending message 112 to peer 0x5ba7ded35fb0 (13 bytes)
1740415588.912257 sending message 112 to peer 0x5ba7ded35fb0 (13 bytes)
1740415588.912258 sending message 112 to peer 0x5ba7ded35fb0 (13 bytes)
1740415588.912260 sending message 112 to peer 0x5ba7ded35fb0 (13 bytes)
1740415588.912261 sending message 112 to peer 0x5ba7ded35fb0 (13 bytes)
1740415588.912262 sending message 112 to peer 0x5ba7ded35fb0 (13 bytes)
1740415588.912263 sending message 112 to peer 0x5ba7ded35fb0 (12 bytes)
1740415588.912265 sending message 112 to peer 0x5ba7ded35fb0 (10 bytes)
1740415588.912266 sending message 112 to peer 0x5ba7ded35fb0 (12 bytes)
1740415588.912267 sending message 112 to peer 0x5ba7ded35fb0 (12 bytes)
1740415588.912269 sending message 112 to peer 0x5ba7ded35fb0 (12 bytes)
1740415588.912270 sending message 112 to peer 0x5ba7ded35fb0 (13 bytes)
1740415588.912271 sending message 112 to peer 0x5ba7ded35fb0 (13 bytes)
1740415588.912273 sending message 112 to peer 0x5ba7ded35fb0 (13 bytes)
1740415588.912274 sending message 112 to peer 0x5ba7ded35fb0 (13 bytes)
1740415588.912275 sending message 112 to peer 0x5ba7ded35fb0 (13 bytes)
1740415588.912277 sending message 112 to peer 0x5ba7ded35fb0 (13 bytes)
1740415588.912278 sending message 112 to peer 0x5ba7ded35fb0 (13 bytes)
1740415588.912279 sending message 112 to peer 0x5ba7ded35fb0 (10 bytes)
1740415588.912281 sending message 112 to peer 0x5ba7ded35fb0 (13 bytes)
1740415588.912282 sending message 112 to peer 0x5ba7ded35fb0 (12 bytes)
1740415588.912283 sending message 112 to peer 0x5ba7ded35fb0 (12 bytes)
1740415588.912285 sending message 112 to peer 0x5ba7ded35fb0 (12 bytes)
1740415588.912286 sending message 112 to peer 0x5ba7ded35fb0 (10 bytes)
1740415588.912287 sending message 112 to peer 0x5ba7ded35fb0 (10 bytes)
1740415588.912288 sending message 112 to peer 0x5ba7ded35fb0 (10 bytes)
1740415588.912290 sending message 112 to peer 0x5ba7ded35fb0 (12 bytes)
1740415588.912291 sending message 112 to peer 0x5ba7ded35fb0 (13 bytes)
1740415588.912292 sending message 112 to peer 0x5ba7ded35fb0 (13 bytes)
1740415588.912293 sending message 112 to peer 0x5ba7ded35fb0 (13 bytes)
1740415588.912295 sending message 112 to peer 0x5ba7ded35fb0 (13 bytes)
1740415588.912296 sending message 112 to peer 0x5ba7ded35fb0 (13 bytes)
1740415588.912297 sending message 112 to peer 0x5ba7ded35fb0 (10 bytes)
1740415588.912299 sending message 112 to peer 0x5ba7ded35fb0 (11 bytes)
1740415588.912300 sending message 112 to peer 0x5ba7ded35fb0 (12 bytes)
1740415588.912301 sending message 112 to peer 0x5ba7ded35fb0 (12 bytes)
1740415588.912302 sending message 112 to peer 0x5ba7ded35fb0 (12 bytes)
1740415588.912304 sending message 112 to peer 0x5ba7ded35fb0 (12 bytes)
1740415588.912305 sending message 112 to peer 0x5ba7ded35fb0 (12 bytes)
1740415588.912306 sending message 112 to peer 0x5ba7ded35fb0 (11 bytes)
1740415588.912307 sending message 112 to peer 0x5ba7ded35fb0 (12 bytes)
1740415588.912309 sending message 112 to peer 0x5ba7ded35fb0 (12 bytes)
1740415588.912310 sending message 112 to peer 0x5ba7ded35fb0 (13 bytes)
1740415588.912311 sending message 112 to peer 0x5ba7ded35fb0 (13 bytes)
1740415588.912313 sending message 112 to peer 0x5ba7ded35fb0 (13 bytes)
1740415588.912314 sending message 112 to peer 0x5ba7ded35fb0 (13 bytes)
1740415588.912315 sending message 112 to peer 0x5ba7ded35fb0 (13 bytes)
1740415588.912316 sending message 112 to peer 0x5ba7ded35fb0 (10 bytes)
1740415588.912318 sending message 112 to peer 0x5ba7ded35fb0 (9 bytes)
1740415588.912319 sending message 112 to peer 0x5ba7ded35fb0 (12 bytes)
1740415588.912320 sending message 112 to peer 0x5ba7ded35fb0 (13 bytes)
1740415588.912321 sending message 112 to peer 0x5ba7ded35fb0 (13 bytes)
1740415588.912325 sending message 112 to peer 0x5ba7ded35fb0 (13 bytes)
1740415588.912326 sending message 112 to peer 0x5ba7ded35fb0 (13 bytes)
1740415588.912327 sending message 112 to peer 0x5ba7ded35fb0 (13 bytes)
1740415588.912329 sending message 112 to peer 0x5ba7ded35fb0 (9 bytes)
1740415588.912330 sending message 112 to peer 0x5ba7ded35fb0 (12 bytes)
1740415588.912336 sending message 112 to peer 0x5ba7ded35fb0 (13 bytes)
1740415588.912338 sending message 112 to peer 0x5ba7ded35fb0 (13 bytes)
1740415588.912340 sending message 112 to peer 0x5ba7ded35fb0 (13 bytes)
1740415588.912341 sending message 112 to peer 0x5ba7ded35fb0 (13 bytes)
1740415588.912346 sending message 112 to peer 0x5ba7ded35fb0 (13 bytes)
1740415588.912349 sending message 112 to peer 0x5ba7ded35fb0 (11 bytes)
1740415588.912351 sending message 112 to peer 0x5ba7ded35fb0 (12 bytes)
1740415588.912352 sending message 112 to peer 0x5ba7ded35fb0 (13 bytes)
1740415588.912353 sending message 112 to peer 0x5ba7ded35fb0 (13 bytes)
1740415588.912355 sending message 112 to peer 0x5ba7ded35fb0 (13 bytes)
1740415588.912356 sending message 112 to peer 0x5ba7ded35fb0 (13 bytes)
1740415588.912357 sending message 112 to peer 0x5ba7ded35fb0 (13 bytes)
1740415588.912358 sending message 112 to peer 0x5ba7ded35fb0 (11 bytes)
1740415588.912360 sending message 112 to peer 0x5ba7ded35fb0 (12 bytes)
1740415588.912361 sending message 112 to peer 0x5ba7ded35fb0 (12 bytes)
1740415588.912362 sending message 112 to peer 0x5ba7ded35fb0 (12 bytes)
1740415588.912364 sending message 112 to peer 0x5ba7ded35fb0 (12 bytes)
1740415588.912365 sending message 112 to peer 0x5ba7ded35fb0 (12 bytes)
1740415588.912366 sending message 112 to peer 0x5ba7ded35fb0 (21 bytes)
1740415588.912367 sending message 112 to peer 0x5ba7ded35fb0 (12 bytes)
1740415588.912369 sending message 112 to peer 0x5ba7ded35fb0 (9 bytes)
1740415588.912370 sending message 112 to peer 0x5ba7ded35fb0 (6 bytes)
1740415588.912371 sending message 112 to peer 0x5ba7ded35fb0 (13 bytes)
1740415588.912373 sending message 112 to peer 0x5ba7ded35fb0 (10 bytes)
1740415588.912374 sending message 112 to peer 0x5ba7ded35fb0 (24 bytes)
1740415588.912375 sending message 112 to peer 0x5ba7ded35fb0 (13 bytes)
1740415588.912376 sending message 112 to peer 0x5ba7ded35fb0 (9 bytes)
1740415588.912378 sending message 112 to peer 0x5ba7ded35fb0 (70 bytes)
1740415588.912379 sending message 112 to peer 0x5ba7ded35fb0 (69 bytes)
1740415588.912380 sending message 112 to peer 0x5ba7ded35fb0 (12 bytes)
1740415588.912382 sending message 112 to peer 0x5ba7ded35fb0 (10 bytes)
1740415588.912383 sending message 112 to peer 0x5ba7ded35fb0 (10 bytes)
1740415588.912384 sending message 112 to peer 0x5ba7ded35fb0 (24 bytes)
1740415588.912386 sending message 112 to peer 0x5ba7ded35fb0 (13 bytes)
1740415588.912387 sending message 112 to peer 0x5ba7ded35fb0 (10 bytes)
1740415588.912388 sending message 112 to peer 0x5ba7ded35fb0 (10 bytes)
1740415588.912389 sending message 112 to peer 0x5ba7ded35fb0 (10 bytes)
1740415588.912391 sending message 112 to peer 0x5ba7ded35fb0 (13 bytes)
1740415588.912392 sending message 112 to peer 0x5ba7ded35fb0 (15 bytes)
1740415588.912393 sending message 112 to peer 0x5ba7ded35fb0 (5 bytes)
1740415588.912395 sending message 104 to peer 0x5ba7ded35fb0 (0 bytes)
1740415588.912397 sending message 110 to peer 0x5ba7ded35fb0 (0 bytes)
1740415588.912398 sending message 107 to peer 0x5ba7ded35fb0 (4 bytes)
1740415588.912400 sending message 105 to peer 0x5ba7ded35fb0 (16 bytes)
1740415588.912401 sending message 105 to peer 0x5ba7ded35fb0 (34 bytes)
1740415588.912402 sending message 105 to peer 0x5ba7ded35fb0 (42 bytes)
1740415588.912403 sending message 105 to peer 0x5ba7ded35fb0 (7 bytes)
1740415588.912405 sending message 105 to peer 0x5ba7ded35fb0 (23 bytes)
1740415588.912406 sending message 105 to peer 0x5ba7ded35fb0 (20 bytes)
1740415588.912407 sending message 105 to peer 0x5ba7ded35fb0 (24 bytes)
1740415588.912409 sending message 105 to peer 0x5ba7ded35fb0 (110 bytes)
1740415588.912410 sending message 105 to peer 0x5ba7ded35fb0 (57 bytes)
1740415588.912415 sending message 105 to peer 0x5ba7ded35fb0 (89 bytes)
1740415588.912416 sending message 105 to peer 0x5ba7ded35fb0 (13 bytes)
1740415588.912418 sending message 105 to peer 0x5ba7ded35fb0 (21 bytes)
1740415588.912419 sending message 105 to peer 0x5ba7ded35fb0 (58 bytes)
1740415588.912420 sending message 105 to peer 0x5ba7ded35fb0 (35 bytes)
1740415588.912422 sending message 105 to peer 0x5ba7ded35fb0 (15 bytes)
1740415588.912423 sending message 105 to peer 0x5ba7ded35fb0 (16 bytes)
1740415588.912424 sending message 105 to peer 0x5ba7ded35fb0 (21 bytes)
1740415588.912426 sending message 105 to peer 0x5ba7ded35fb0 (17 bytes)
1740415588.912427 sending message 105 to peer 0x5ba7ded35fb0 (1519 bytes)
1740415588.912430 sending message 105 to peer 0x5ba7ded35fb0 (43 bytes)
1740415588.912431 sending message 105 to peer 0x5ba7ded35fb0 (56 bytes)
1740415588.912432 sending message 105 to peer 0x5ba7ded35fb0 (34 bytes)
1740415588.912434 sending message 105 to peer 0x5ba7ded35fb0 (23 bytes)
1740415588.912435 sending message 105 to peer 0x5ba7ded35fb0 (34 bytes)
1740415588.912436 sending message 105 to peer 0x5ba7ded35fb0 (30 bytes)
1740415588.912438 sending message 105 to peer 0x5ba7ded35fb0 (20 bytes)
1740415588.912439 sending message 105 to peer 0x5ba7ded35fb0 (11 bytes)
1740415588.912440 sending message 105 to peer 0x5ba7ded35fb0 (32 bytes)
1740415588.912442 sending message 105 to peer 0x5ba7ded35fb0 (10 bytes)
1740415588.912443 sending message 105 to peer 0x5ba7ded35fb0 (14 bytes)
1740415588.912444 sending message 105 to peer 0x5ba7ded35fb0 (8 bytes)
1740415588.912445 sending message 105 to peer 0x5ba7ded35fb0 (25 bytes)
1740415588.912447 sending message 105 to peer 0x5ba7ded35fb0 (27 bytes)
1740415588.912448 sending message 105 to peer 0x5ba7ded35fb0 (20 bytes)
1740415588.912449 sending message 105 to peer 0x5ba7ded35fb0 (50 bytes)
1740415588.912451 sending message 105 to peer 0x5ba7ded35fb0 (31 bytes)
1740415588.912452 sending message 105 to peer 0x5ba7ded35fb0 (36 bytes)
1740415588.912453 sending message 105 to peer 0x5ba7ded35fb0 (36 bytes)
1740415588.912454 sending message 105 to peer 0x5ba7ded35fb0 (20 bytes)
1740415588.912456 sending message 105 to peer 0x5ba7ded35fb0 (82 bytes)
1740415588.912457 sending message 105 to peer 0x5ba7ded35fb0 (184 bytes)
1740415588.912458 sending message 105 to peer 0x5ba7ded35fb0 (54 bytes)
1740415588.912460 sending message 105 to peer 0x5ba7ded35fb0 (19 bytes)
1740415588.912461 sending message 105 to peer 0x5ba7ded35fb0 (37 bytes)
1740415588.912462 sending message 105 to peer 0x5ba7ded35fb0 (23 bytes)
1740415588.912464 sending message 105 to peer 0x5ba7ded35fb0 (29 bytes)
1740415588.912465 sending message 105 to peer 0x5ba7ded35fb0 (74 bytes)
1740415588.912466 sending message 105 to peer 0x5ba7ded35fb0 (16 bytes)
1740415588.912468 sending message 106 to peer 0x5ba7ded35fb0 (0 bytes)
1740415588.912473 sending message 200 to peer 0x5ba7ded35fb0 (4 bytes)
1740415588.912474 client loop enter
1740415588.912498 client_signal: Child exited
1740415588.934414 peer 0x5ba7ded35fb0 message 207
1740415588.934425 sending message 208 to peer 0x5ba7ded35fb0 (0 bytes)
1740415646.560154 peer 0x5ba7ded35fb0 message 201
1740415646.560171 sending message 205 to peer 0x5ba7ded35fb0 (0 bytes)
1740415646.560421 peer 0x5ba7ded35fb0 message 204
1740415646.560430 client loop exit
